<?xml version="1.0" encoding="UTF-8"?>
<testng-results skipped="0" failed="0" total="1" passed="1">
  <reporter-output>
  </reporter-output>
  <suite name="Default suite" duration-ms="4460" started-at="2018-02-07T14:05:35Z" finished-at="2018-02-07T14:05:40Z">
    <groups>
    </groups>
    <test name="Default test" duration-ms="4460" started-at="2018-02-07T14:05:35Z" finished-at="2018-02-07T14:05:40Z">
      <class name="com.launch.launchBrowser">
        <test-method status="PASS" signature="openBrowser()[pri:0, instance:com.launch.launchBrowser@2528ed7]" test-instance-name="" name="openBrowser" duration-ms="4436" started-at="2018-02-07T19:35:35Z" finished-at="2018-02-07T19:35:40Z">
          <reporter-output>
          </reporter-output>
        </test-method> <!-- openBrowser -->
      </class> <!-- com.launch.launchBrowser -->
    </test> <!-- Default test -->
  </suite> <!-- Default suite -->
</testng-results>
